10-Jan-2019 01:04:28.921 정보 [main] org.apache.catalina.startup.VersionLoggerListener.log Server version:        Apache Tomcat/8.5.37
10-Jan-2019 01:04:28.926 정보 [main] org.apache.catalina.startup.VersionLoggerListener.log Server built:          Dec 12 2018 12:07:02 UTC
10-Jan-2019 01:04:28.927 정보 [main] org.apache.catalina.startup.VersionLoggerListener.log Server number:         8.5.37.0
10-Jan-2019 01:04:28.927 정보 [main] org.apache.catalina.startup.VersionLoggerListener.log OS Name:               Mac OS X
10-Jan-2019 01:04:28.927 정보 [main] org.apache.catalina.startup.VersionLoggerListener.log OS Version:            10.14.2
10-Jan-2019 01:04:28.927 정보 [main] org.apache.catalina.startup.VersionLoggerListener.log Architecture:          x86_64
10-Jan-2019 01:04:28.927 정보 [main] org.apache.catalina.startup.VersionLoggerListener.log Java Home:             /Library/Java/JavaVirtualMachines/jdk-10.jdk/Contents/Home
10-Jan-2019 01:04:28.928 정보 [main] org.apache.catalina.startup.VersionLoggerListener.log JVM Version:           10+46
10-Jan-2019 01:04:28.928 정보 [main] org.apache.catalina.startup.VersionLoggerListener.log JVM Vendor:            "Oracle Corporation"
10-Jan-2019 01:04:28.928 정보 [main] org.apache.catalina.startup.VersionLoggerListener.log CATALINA_BASE:         /usr/local/apache-tomcat-8.5.37
10-Jan-2019 01:04:28.928 정보 [main] org.apache.catalina.startup.VersionLoggerListener.log CATALINA_HOME:         /usr/local/apache-tomcat-8.5.37
10-Jan-2019 01:04:28.929 정보 [main] org.apache.catalina.startup.VersionLoggerListener.log Command line argument: --add-opens=java.base/java.lang=ALL-UNNAMED
10-Jan-2019 01:04:28.930 정보 [main] org.apache.catalina.startup.VersionLoggerListener.log Command line argument: --add-opens=java.base/java.io=ALL-UNNAMED
10-Jan-2019 01:04:28.930 정보 [main] org.apache.catalina.startup.VersionLoggerListener.log Command line argument: --add-opens=java.rmi/sun.rmi.transport=ALL-UNNAMED
10-Jan-2019 01:04:28.930 정보 [main] org.apache.catalina.startup.VersionLoggerListener.log Command line argument: -Djava.util.logging.config.file=/Library/Tomcat/conf/logging.properties
10-Jan-2019 01:04:28.930 정보 [main] org.apache.catalina.startup.VersionLoggerListener.log Command line argument: -Djava.util.logging.manager=org.apache.juli.ClassLoaderLogManager
10-Jan-2019 01:04:28.930 정보 [main] org.apache.catalina.startup.VersionLoggerListener.log Command line argument: -Djdk.tls.ephemeralDHKeySize=2048
10-Jan-2019 01:04:28.931 정보 [main] org.apache.catalina.startup.VersionLoggerListener.log Command line argument: -Djava.protocol.handler.pkgs=org.apache.catalina.webresources
10-Jan-2019 01:04:28.931 정보 [main] org.apache.catalina.startup.VersionLoggerListener.log Command line argument: -Dorg.apache.catalina.security.SecurityListener.UMASK=0027
10-Jan-2019 01:04:28.931 정보 [main] org.apache.catalina.startup.VersionLoggerListener.log Command line argument: -Dignore.endorsed.dirs=
10-Jan-2019 01:04:28.931 정보 [main] org.apache.catalina.startup.VersionLoggerListener.log Command line argument: -Dcatalina.base=/Library/Tomcat
10-Jan-2019 01:04:28.931 정보 [main] org.apache.catalina.startup.VersionLoggerListener.log Command line argument: -Dcatalina.home=/Library/Tomcat
10-Jan-2019 01:04:28.931 정보 [main] org.apache.catalina.startup.VersionLoggerListener.log Command line argument: -Djava.io.tmpdir=/Library/Tomcat/temp
10-Jan-2019 01:04:28.932 정보 [main] org.apache.catalina.core.AprLifecycleListener.lifecycleEvent The APR based Apache Tomcat Native library which allows optimal performance in production environments was not found on the java.library.path: [/Users/yoogle/Library/Java/Extensions:/Library/Java/Extensions:/Network/Library/Java/Extensions:/System/Library/Java/Extensions:/usr/lib/java:.]
10-Jan-2019 01:04:28.977 정보 [main] org.apache.coyote.AbstractProtocol.init Initializing ProtocolHandler ["http-nio-8080"]
10-Jan-2019 01:04:29.015 정보 [main] org.apache.tomcat.util.net.NioSelectorPool.getSharedSelector Using a shared selector for servlet write/read
10-Jan-2019 01:04:29.029 정보 [main] org.apache.coyote.AbstractProtocol.init Initializing ProtocolHandler ["ajp-nio-8009"]
10-Jan-2019 01:04:29.031 정보 [main] org.apache.tomcat.util.net.NioSelectorPool.getSharedSelector Using a shared selector for servlet write/read
10-Jan-2019 01:04:29.031 정보 [main] org.apache.catalina.startup.Catalina.load Initialization processed in 627 ms
10-Jan-2019 01:04:29.087 정보 [main] org.apache.catalina.core.StandardService.startInternal Starting service [Catalina]
10-Jan-2019 01:04:29.087 정보 [main] org.apache.catalina.core.StandardEngine.startInternal Starting Servlet Engine: Apache Tomcat/8.5.37
10-Jan-2019 01:04:29.099 정보 [localhost-startStop-1] org.apache.catalina.startup.HostConfig.deployDirectory Deploying web application directory [/usr/local/apache-tomcat-8.5.37/webapps/docs]
10-Jan-2019 01:04:29.435 정보 [localhost-startStop-1] org.apache.catalina.startup.HostConfig.deployDirectory Deployment of web application directory [/usr/local/apache-tomcat-8.5.37/webapps/docs] has finished in [336] ms
10-Jan-2019 01:04:29.436 정보 [localhost-startStop-1] org.apache.catalina.startup.HostConfig.deployDirectory Deploying web application directory [/usr/local/apache-tomcat-8.5.37/webapps/manager]
10-Jan-2019 01:04:29.466 정보 [localhost-startStop-1] org.apache.catalina.startup.HostConfig.deployDirectory Deployment of web application directory [/usr/local/apache-tomcat-8.5.37/webapps/manager] has finished in [31] ms
10-Jan-2019 01:04:29.467 정보 [localhost-startStop-1] org.apache.catalina.startup.HostConfig.deployDirectory Deploying web application directory [/usr/local/apache-tomcat-8.5.37/webapps/examples]
10-Jan-2019 01:04:29.701 정보 [localhost-startStop-1] org.apache.catalina.startup.HostConfig.deployDirectory Deployment of web application directory [/usr/local/apache-tomcat-8.5.37/webapps/examples] has finished in [234] ms
10-Jan-2019 01:04:29.702 정보 [localhost-startStop-1] org.apache.catalina.startup.HostConfig.deployDirectory Deploying web application directory [/usr/local/apache-tomcat-8.5.37/webapps/ROOT]
10-Jan-2019 01:04:29.718 정보 [localhost-startStop-1] org.apache.catalina.startup.HostConfig.deployDirectory Deployment of web application directory [/usr/local/apache-tomcat-8.5.37/webapps/ROOT] has finished in [15] ms
10-Jan-2019 01:04:29.718 정보 [localhost-startStop-1] org.apache.catalina.startup.HostConfig.deployDirectory Deploying web application directory [/usr/local/apache-tomcat-8.5.37/webapps/host-manager]
10-Jan-2019 01:04:29.735 정보 [localhost-startStop-1] org.apache.catalina.startup.HostConfig.deployDirectory Deployment of web application directory [/usr/local/apache-tomcat-8.5.37/webapps/host-manager] has finished in [17] ms
10-Jan-2019 01:04:29.738 정보 [main] org.apache.coyote.AbstractProtocol.start Starting ProtocolHandler ["http-nio-8080"]
10-Jan-2019 01:04:29.747 정보 [main] org.apache.coyote.AbstractProtocol.start Starting ProtocolHandler ["ajp-nio-8009"]
10-Jan-2019 01:04:29.749 정보 [main] org.apache.catalina.startup.Catalina.start Server startup in 717 ms
10-Jan-2019 01:06:05.927 정보 [main] org.apache.catalina.core.StandardServer.await A valid shutdown command was received via the shutdown port. Stopping the Server instance.
10-Jan-2019 01:06:05.928 정보 [main] org.apache.coyote.AbstractProtocol.pause Pausing ProtocolHandler ["http-nio-8080"]
10-Jan-2019 01:06:05.937 정보 [main] org.apache.coyote.AbstractProtocol.pause Pausing ProtocolHandler ["ajp-nio-8009"]
10-Jan-2019 01:06:05.944 정보 [main] org.apache.catalina.core.StandardService.stopInternal Stopping service [Catalina]
10-Jan-2019 01:06:05.988 정보 [main] org.apache.coyote.AbstractProtocol.stop Stopping ProtocolHandler ["http-nio-8080"]
10-Jan-2019 01:06:05.992 정보 [main] org.apache.coyote.AbstractProtocol.stop Stopping ProtocolHandler ["ajp-nio-8009"]
10-Jan-2019 01:06:05.994 정보 [main] org.apache.coyote.AbstractProtocol.destroy Destroying ProtocolHandler ["http-nio-8080"]
10-Jan-2019 01:06:05.994 정보 [main] org.apache.coyote.AbstractProtocol.destroy Destroying ProtocolHandler ["ajp-nio-8009"]
10-Jan-2019 01:53:33.130 정보 [main] org.apache.catalina.startup.VersionLoggerListener.log Server version:        Apache Tomcat/8.5.37
10-Jan-2019 01:53:33.135 정보 [main] org.apache.catalina.startup.VersionLoggerListener.log Server built:          Dec 12 2018 12:07:02 UTC
10-Jan-2019 01:53:33.136 정보 [main] org.apache.catalina.startup.VersionLoggerListener.log Server number:         8.5.37.0
10-Jan-2019 01:53:33.136 정보 [main] org.apache.catalina.startup.VersionLoggerListener.log OS Name:               Mac OS X
10-Jan-2019 01:53:33.136 정보 [main] org.apache.catalina.startup.VersionLoggerListener.log OS Version:            10.14.2
10-Jan-2019 01:53:33.136 정보 [main] org.apache.catalina.startup.VersionLoggerListener.log Architecture:          x86_64
10-Jan-2019 01:53:33.136 정보 [main] org.apache.catalina.startup.VersionLoggerListener.log Java Home:             /Library/Java/JavaVirtualMachines/jdk-10.jdk/Contents/Home
10-Jan-2019 01:53:33.137 정보 [main] org.apache.catalina.startup.VersionLoggerListener.log JVM Version:           10+46
10-Jan-2019 01:53:33.137 정보 [main] org.apache.catalina.startup.VersionLoggerListener.log JVM Vendor:            "Oracle Corporation"
10-Jan-2019 01:53:33.137 정보 [main] org.apache.catalina.startup.VersionLoggerListener.log CATALINA_BASE:         /usr/local/apache-tomcat-8.5.37
10-Jan-2019 01:53:33.137 정보 [main] org.apache.catalina.startup.VersionLoggerListener.log CATALINA_HOME:         /usr/local/apache-tomcat-8.5.37
10-Jan-2019 01:53:33.139 정보 [main] org.apache.catalina.startup.VersionLoggerListener.log Command line argument: --add-opens=java.base/java.lang=ALL-UNNAMED
10-Jan-2019 01:53:33.139 정보 [main] org.apache.catalina.startup.VersionLoggerListener.log Command line argument: --add-opens=java.base/java.io=ALL-UNNAMED
10-Jan-2019 01:53:33.140 정보 [main] org.apache.catalina.startup.VersionLoggerListener.log Command line argument: --add-opens=java.rmi/sun.rmi.transport=ALL-UNNAMED
10-Jan-2019 01:53:33.140 정보 [main] org.apache.catalina.startup.VersionLoggerListener.log Command line argument: -Djava.util.logging.config.file=/Library/Tomcat/conf/logging.properties
10-Jan-2019 01:53:33.140 정보 [main] org.apache.catalina.startup.VersionLoggerListener.log Command line argument: -Djava.util.logging.manager=org.apache.juli.ClassLoaderLogManager
10-Jan-2019 01:53:33.140 정보 [main] org.apache.catalina.startup.VersionLoggerListener.log Command line argument: -Djdk.tls.ephemeralDHKeySize=2048
10-Jan-2019 01:53:33.141 정보 [main] org.apache.catalina.startup.VersionLoggerListener.log Command line argument: -Djava.protocol.handler.pkgs=org.apache.catalina.webresources
10-Jan-2019 01:53:33.141 정보 [main] org.apache.catalina.startup.VersionLoggerListener.log Command line argument: -Dorg.apache.catalina.security.SecurityListener.UMASK=0027
10-Jan-2019 01:53:33.141 정보 [main] org.apache.catalina.startup.VersionLoggerListener.log Command line argument: -Dignore.endorsed.dirs=
10-Jan-2019 01:53:33.141 정보 [main] org.apache.catalina.startup.VersionLoggerListener.log Command line argument: -Dcatalina.base=/Library/Tomcat
10-Jan-2019 01:53:33.141 정보 [main] org.apache.catalina.startup.VersionLoggerListener.log Command line argument: -Dcatalina.home=/Library/Tomcat
10-Jan-2019 01:53:33.141 정보 [main] org.apache.catalina.startup.VersionLoggerListener.log Command line argument: -Djava.io.tmpdir=/Library/Tomcat/temp
10-Jan-2019 01:53:33.141 정보 [main] org.apache.catalina.core.AprLifecycleListener.lifecycleEvent The APR based Apache Tomcat Native library which allows optimal performance in production environments was not found on the java.library.path: [/Users/yoogle/Library/Java/Extensions:/Library/Java/Extensions:/Network/Library/Java/Extensions:/System/Library/Java/Extensions:/usr/lib/java:.]
10-Jan-2019 01:53:33.195 정보 [main] org.apache.coyote.AbstractProtocol.init Initializing ProtocolHandler ["http-nio-8080"]
10-Jan-2019 01:53:33.231 정보 [main] org.apache.tomcat.util.net.NioSelectorPool.getSharedSelector Using a shared selector for servlet write/read
10-Jan-2019 01:53:33.244 정보 [main] org.apache.coyote.AbstractProtocol.init Initializing ProtocolHandler ["ajp-nio-8009"]
10-Jan-2019 01:53:33.245 정보 [main] org.apache.tomcat.util.net.NioSelectorPool.getSharedSelector Using a shared selector for servlet write/read
10-Jan-2019 01:53:33.245 정보 [main] org.apache.catalina.startup.Catalina.load Initialization processed in 670 ms
10-Jan-2019 01:53:33.299 정보 [main] org.apache.catalina.core.StandardService.startInternal Starting service [Catalina]
10-Jan-2019 01:53:33.299 정보 [main] org.apache.catalina.core.StandardEngine.startInternal Starting Servlet Engine: Apache Tomcat/8.5.37
10-Jan-2019 01:53:33.312 정보 [localhost-startStop-1] org.apache.catalina.startup.HostConfig.deployDirectory Deploying web application directory [/usr/local/apache-tomcat-8.5.37/webapps/chap02]
10-Jan-2019 01:53:33.709 정보 [localhost-startStop-1] org.apache.catalina.startup.HostConfig.deployDirectory Deployment of web application directory [/usr/local/apache-tomcat-8.5.37/webapps/chap02] has finished in [396] ms
10-Jan-2019 01:53:33.709 정보 [localhost-startStop-1] org.apache.catalina.startup.HostConfig.deployDirectory Deploying web application directory [/usr/local/apache-tomcat-8.5.37/webapps/docs]
10-Jan-2019 01:53:33.729 정보 [localhost-startStop-1] org.apache.catalina.startup.HostConfig.deployDirectory Deployment of web application directory [/usr/local/apache-tomcat-8.5.37/webapps/docs] has finished in [20] ms
10-Jan-2019 01:53:33.730 정보 [localhost-startStop-1] org.apache.catalina.startup.HostConfig.deployDirectory Deploying web application directory [/usr/local/apache-tomcat-8.5.37/webapps/manager]
10-Jan-2019 01:53:33.762 정보 [localhost-startStop-1] org.apache.catalina.startup.HostConfig.deployDirectory Deployment of web application directory [/usr/local/apache-tomcat-8.5.37/webapps/manager] has finished in [33] ms
10-Jan-2019 01:53:33.762 정보 [localhost-startStop-1] org.apache.catalina.startup.HostConfig.deployDirectory Deploying web application directory [/usr/local/apache-tomcat-8.5.37/webapps/examples]
10-Jan-2019 01:53:34.026 정보 [localhost-startStop-1] org.apache.catalina.startup.HostConfig.deployDirectory Deployment of web application directory [/usr/local/apache-tomcat-8.5.37/webapps/examples] has finished in [264] ms
10-Jan-2019 01:53:34.027 정보 [localhost-startStop-1] org.apache.catalina.startup.HostConfig.deployDirectory Deploying web application directory [/usr/local/apache-tomcat-8.5.37/webapps/ROOT]
10-Jan-2019 01:53:34.041 정보 [localhost-startStop-1] org.apache.catalina.startup.HostConfig.deployDirectory Deployment of web application directory [/usr/local/apache-tomcat-8.5.37/webapps/ROOT] has finished in [14] ms
10-Jan-2019 01:53:34.042 정보 [localhost-startStop-1] org.apache.catalina.startup.HostConfig.deployDirectory Deploying web application directory [/usr/local/apache-tomcat-8.5.37/webapps/host-manager]
10-Jan-2019 01:53:34.062 정보 [localhost-startStop-1] org.apache.catalina.startup.HostConfig.deployDirectory Deployment of web application directory [/usr/local/apache-tomcat-8.5.37/webapps/host-manager] has finished in [21] ms
10-Jan-2019 01:53:34.065 정보 [main] org.apache.coyote.AbstractProtocol.start Starting ProtocolHandler ["http-nio-8080"]
10-Jan-2019 01:53:34.075 정보 [main] org.apache.coyote.AbstractProtocol.start Starting ProtocolHandler ["ajp-nio-8009"]
10-Jan-2019 01:53:34.078 정보 [main] org.apache.catalina.startup.Catalina.start Server startup in 832 ms
10-Jan-2019 02:28:56.000 정보 [main] org.apache.catalina.core.StandardServer.await A valid shutdown command was received via the shutdown port. Stopping the Server instance.
10-Jan-2019 02:28:56.001 정보 [main] org.apache.coyote.AbstractProtocol.pause Pausing ProtocolHandler ["http-nio-8080"]
10-Jan-2019 02:28:56.010 정보 [main] org.apache.coyote.AbstractProtocol.pause Pausing ProtocolHandler ["ajp-nio-8009"]
10-Jan-2019 02:28:56.017 정보 [main] org.apache.catalina.core.StandardService.stopInternal Stopping service [Catalina]
10-Jan-2019 02:28:56.065 정보 [main] org.apache.coyote.AbstractProtocol.stop Stopping ProtocolHandler ["http-nio-8080"]
10-Jan-2019 02:28:56.067 정보 [main] org.apache.coyote.AbstractProtocol.stop Stopping ProtocolHandler ["ajp-nio-8009"]
10-Jan-2019 02:28:56.069 정보 [main] org.apache.coyote.AbstractProtocol.destroy Destroying ProtocolHandler ["http-nio-8080"]
10-Jan-2019 02:28:56.071 정보 [main] org.apache.coyote.AbstractProtocol.destroy Destroying ProtocolHandler ["ajp-nio-8009"]
