03-Feb-2019 00:22:45.848 정보 [main] org.apache.catalina.startup.VersionLoggerListener.log Server version:        Apache Tomcat/8.5.37
03-Feb-2019 00:22:45.853 정보 [main] org.apache.catalina.startup.VersionLoggerListener.log Server built:          Dec 12 2018 12:07:02 UTC
03-Feb-2019 00:22:45.854 정보 [main] org.apache.catalina.startup.VersionLoggerListener.log Server number:         8.5.37.0
03-Feb-2019 00:22:45.854 정보 [main] org.apache.catalina.startup.VersionLoggerListener.log OS Name:               Mac OS X
03-Feb-2019 00:22:45.854 정보 [main] org.apache.catalina.startup.VersionLoggerListener.log OS Version:            10.14.2
03-Feb-2019 00:22:45.854 정보 [main] org.apache.catalina.startup.VersionLoggerListener.log Architecture:          x86_64
03-Feb-2019 00:22:45.854 정보 [main] org.apache.catalina.startup.VersionLoggerListener.log Java Home:             /Library/Java/JavaVirtualMachines/jdk-10.jdk/Contents/Home
03-Feb-2019 00:22:45.855 정보 [main] org.apache.catalina.startup.VersionLoggerListener.log JVM Version:           10+46
03-Feb-2019 00:22:45.855 정보 [main] org.apache.catalina.startup.VersionLoggerListener.log JVM Vendor:            "Oracle Corporation"
03-Feb-2019 00:22:45.855 정보 [main] org.apache.catalina.startup.VersionLoggerListener.log CATALINA_BASE:         /usr/local/apache-tomcat-8.5.37
03-Feb-2019 00:22:45.855 정보 [main] org.apache.catalina.startup.VersionLoggerListener.log CATALINA_HOME:         /usr/local/apache-tomcat-8.5.37
03-Feb-2019 00:22:45.857 정보 [main] org.apache.catalina.startup.VersionLoggerListener.log Command line argument: --add-opens=java.base/java.lang=ALL-UNNAMED
03-Feb-2019 00:22:45.857 정보 [main] org.apache.catalina.startup.VersionLoggerListener.log Command line argument: --add-opens=java.base/java.io=ALL-UNNAMED
03-Feb-2019 00:22:45.857 정보 [main] org.apache.catalina.startup.VersionLoggerListener.log Command line argument: --add-opens=java.rmi/sun.rmi.transport=ALL-UNNAMED
03-Feb-2019 00:22:45.857 정보 [main] org.apache.catalina.startup.VersionLoggerListener.log Command line argument: -Djava.util.logging.config.file=/Library/Tomcat/conf/logging.properties
03-Feb-2019 00:22:45.857 정보 [main] org.apache.catalina.startup.VersionLoggerListener.log Command line argument: -Djava.util.logging.manager=org.apache.juli.ClassLoaderLogManager
03-Feb-2019 00:22:45.857 정보 [main] org.apache.catalina.startup.VersionLoggerListener.log Command line argument: -Djdk.tls.ephemeralDHKeySize=2048
03-Feb-2019 00:22:45.858 정보 [main] org.apache.catalina.startup.VersionLoggerListener.log Command line argument: -Djava.protocol.handler.pkgs=org.apache.catalina.webresources
03-Feb-2019 00:22:45.858 정보 [main] org.apache.catalina.startup.VersionLoggerListener.log Command line argument: -Dorg.apache.catalina.security.SecurityListener.UMASK=0027
03-Feb-2019 00:22:45.858 정보 [main] org.apache.catalina.startup.VersionLoggerListener.log Command line argument: -Dignore.endorsed.dirs=
03-Feb-2019 00:22:45.858 정보 [main] org.apache.catalina.startup.VersionLoggerListener.log Command line argument: -Dcatalina.base=/Library/Tomcat
03-Feb-2019 00:22:45.858 정보 [main] org.apache.catalina.startup.VersionLoggerListener.log Command line argument: -Dcatalina.home=/Library/Tomcat
03-Feb-2019 00:22:45.858 정보 [main] org.apache.catalina.startup.VersionLoggerListener.log Command line argument: -Djava.io.tmpdir=/Library/Tomcat/temp
03-Feb-2019 00:22:45.858 정보 [main] org.apache.catalina.core.AprLifecycleListener.lifecycleEvent The APR based Apache Tomcat Native library which allows optimal performance in production environments was not found on the java.library.path: [/Users/yoogle/Library/Java/Extensions:/Library/Java/Extensions:/Network/Library/Java/Extensions:/System/Library/Java/Extensions:/usr/lib/java:.]
03-Feb-2019 00:22:45.902 정보 [main] org.apache.coyote.AbstractProtocol.init Initializing ProtocolHandler ["http-nio-8080"]
03-Feb-2019 00:22:45.929 정보 [main] org.apache.tomcat.util.net.NioSelectorPool.getSharedSelector Using a shared selector for servlet write/read
03-Feb-2019 00:22:45.944 정보 [main] org.apache.coyote.AbstractProtocol.init Initializing ProtocolHandler ["ajp-nio-8009"]
03-Feb-2019 00:22:45.945 정보 [main] org.apache.tomcat.util.net.NioSelectorPool.getSharedSelector Using a shared selector for servlet write/read
03-Feb-2019 00:22:45.946 정보 [main] org.apache.catalina.startup.Catalina.load Initialization processed in 533 ms
03-Feb-2019 00:22:45.996 정보 [main] org.apache.catalina.core.StandardService.startInternal Starting service [Catalina]
03-Feb-2019 00:22:45.996 정보 [main] org.apache.catalina.core.StandardEngine.startInternal Starting Servlet Engine: Apache Tomcat/8.5.37
03-Feb-2019 00:22:46.017 정보 [localhost-startStop-1] org.apache.catalina.startup.HostConfig.deployWAR Deploying web application archive [/usr/local/apache-tomcat-8.5.37/webapps/chap13.war]
03-Feb-2019 00:22:46.227 경고 [localhost-startStop-1] org.apache.tomcat.util.descriptor.web.WebXml.setVersion Unknown version string [4.0]. Default version will be used.
03-Feb-2019 00:22:46.533 정보 [localhost-startStop-1] org.apache.catalina.startup.HostConfig.deployWAR Deployment of web application archive [/usr/local/apache-tomcat-8.5.37/webapps/chap13.war] has finished in [515] ms
03-Feb-2019 00:22:46.535 정보 [localhost-startStop-1] org.apache.catalina.startup.HostConfig.deployWAR Deploying web application archive [/usr/local/apache-tomcat-8.5.37/webapps/chap16.war]
03-Feb-2019 00:22:46.556 경고 [localhost-startStop-1] org.apache.tomcat.util.descriptor.web.WebXml.setVersion Unknown version string [4.0]. Default version will be used.
03-Feb-2019 00:22:46.665 정보 [localhost-startStop-1] org.apache.catalina.startup.HostConfig.deployWAR Deployment of web application archive [/usr/local/apache-tomcat-8.5.37/webapps/chap16.war] has finished in [130] ms
03-Feb-2019 00:22:46.667 정보 [localhost-startStop-1] org.apache.catalina.startup.HostConfig.deployWAR Deploying web application archive [/usr/local/apache-tomcat-8.5.37/webapps/chap14.war]
03-Feb-2019 00:22:46.680 경고 [localhost-startStop-1] org.apache.tomcat.util.descriptor.web.WebXml.setVersion Unknown version string [4.0]. Default version will be used.
03-Feb-2019 00:22:46.701 정보 [localhost-startStop-1] org.apache.catalina.startup.HostConfig.deployWAR Deployment of web application archive [/usr/local/apache-tomcat-8.5.37/webapps/chap14.war] has finished in [34] ms
03-Feb-2019 00:22:46.702 정보 [localhost-startStop-1] org.apache.catalina.startup.HostConfig.deployWAR Deploying web application archive [/usr/local/apache-tomcat-8.5.37/webapps/chap15.war]
03-Feb-2019 00:22:46.726 경고 [localhost-startStop-1] org.apache.tomcat.util.descriptor.web.WebXml.setVersion Unknown version string [4.0]. Default version will be used.
03-Feb-2019 00:22:47.020 정보 [localhost-startStop-1] org.apache.jasper.servlet.TldScanner.scanJars At least one JAR was scanned for TLDs yet contained no TLDs. Enable debug logging for this logger for a complete list of JARs that were scanned but no TLDs were found in them. Skipping unneeded JARs during scanning can improve startup time and JSP compilation time.
03-Feb-2019 00:22:47.103 정보 [localhost-startStop-1] org.apache.catalina.startup.HostConfig.deployWAR Deployment of web application archive [/usr/local/apache-tomcat-8.5.37/webapps/chap15.war] has finished in [401] ms
03-Feb-2019 00:22:47.104 정보 [localhost-startStop-1] org.apache.catalina.startup.HostConfig.deployDirectory Deploying web application directory [/usr/local/apache-tomcat-8.5.37/webapps/chap03]
03-Feb-2019 00:22:47.122 정보 [localhost-startStop-1] org.apache.catalina.startup.HostConfig.deployDirectory Deployment of web application directory [/usr/local/apache-tomcat-8.5.37/webapps/chap03] has finished in [18] ms
03-Feb-2019 00:22:47.123 정보 [localhost-startStop-1] org.apache.catalina.startup.HostConfig.deployDirectory Deploying web application directory [/usr/local/apache-tomcat-8.5.37/webapps/chap02]
03-Feb-2019 00:22:47.155 정보 [localhost-startStop-1] org.apache.catalina.startup.HostConfig.deployDirectory Deployment of web application directory [/usr/local/apache-tomcat-8.5.37/webapps/chap02] has finished in [32] ms
03-Feb-2019 00:22:47.156 정보 [localhost-startStop-1] org.apache.catalina.startup.HostConfig.deployDirectory Deploying web application directory [/usr/local/apache-tomcat-8.5.37/webapps/chap11]
03-Feb-2019 00:22:47.200 정보 [localhost-startStop-1] org.apache.catalina.startup.HostConfig.deployDirectory Deployment of web application directory [/usr/local/apache-tomcat-8.5.37/webapps/chap11] has finished in [43] ms
03-Feb-2019 00:22:47.200 정보 [localhost-startStop-1] org.apache.catalina.startup.HostConfig.deployDirectory Deploying web application directory [/usr/local/apache-tomcat-8.5.37/webapps/docs]
03-Feb-2019 00:22:47.230 정보 [localhost-startStop-1] org.apache.catalina.startup.HostConfig.deployDirectory Deployment of web application directory [/usr/local/apache-tomcat-8.5.37/webapps/docs] has finished in [30] ms
03-Feb-2019 00:22:47.230 정보 [localhost-startStop-1] org.apache.catalina.startup.HostConfig.deployDirectory Deploying web application directory [/usr/local/apache-tomcat-8.5.37/webapps/chap10]
03-Feb-2019 00:22:47.249 정보 [localhost-startStop-1] org.apache.catalina.startup.HostConfig.deployDirectory Deployment of web application directory [/usr/local/apache-tomcat-8.5.37/webapps/chap10] has finished in [19] ms
03-Feb-2019 00:22:47.249 정보 [localhost-startStop-1] org.apache.catalina.startup.HostConfig.deployDirectory Deploying web application directory [/usr/local/apache-tomcat-8.5.37/webapps/chap09]
03-Feb-2019 00:22:47.270 정보 [localhost-startStop-1] org.apache.catalina.startup.HostConfig.deployDirectory Deployment of web application directory [/usr/local/apache-tomcat-8.5.37/webapps/chap09] has finished in [21] ms
03-Feb-2019 00:22:47.270 정보 [localhost-startStop-1] org.apache.catalina.startup.HostConfig.deployDirectory Deploying web application directory [/usr/local/apache-tomcat-8.5.37/webapps/manager]
03-Feb-2019 00:22:47.305 정보 [localhost-startStop-1] org.apache.catalina.startup.HostConfig.deployDirectory Deployment of web application directory [/usr/local/apache-tomcat-8.5.37/webapps/manager] has finished in [35] ms
03-Feb-2019 00:22:47.305 정보 [localhost-startStop-1] org.apache.catalina.startup.HostConfig.deployDirectory Deploying web application directory [/usr/local/apache-tomcat-8.5.37/webapps/chap07]
03-Feb-2019 00:22:47.327 정보 [localhost-startStop-1] org.apache.catalina.startup.HostConfig.deployDirectory Deployment of web application directory [/usr/local/apache-tomcat-8.5.37/webapps/chap07] has finished in [22] ms
03-Feb-2019 00:22:47.328 정보 [localhost-startStop-1] org.apache.catalina.startup.HostConfig.deployDirectory Deploying web application directory [/usr/local/apache-tomcat-8.5.37/webapps/chap06]
03-Feb-2019 00:22:47.347 정보 [localhost-startStop-1] org.apache.catalina.startup.HostConfig.deployDirectory Deployment of web application directory [/usr/local/apache-tomcat-8.5.37/webapps/chap06] has finished in [20] ms
03-Feb-2019 00:22:47.348 정보 [localhost-startStop-1] org.apache.catalina.startup.HostConfig.deployDirectory Deploying web application directory [/usr/local/apache-tomcat-8.5.37/webapps/chap08]
03-Feb-2019 00:22:47.369 정보 [localhost-startStop-1] org.apache.catalina.startup.HostConfig.deployDirectory Deployment of web application directory [/usr/local/apache-tomcat-8.5.37/webapps/chap08] has finished in [21] ms
03-Feb-2019 00:22:47.369 정보 [localhost-startStop-1] org.apache.catalina.startup.HostConfig.deployDirectory Deploying web application directory [/usr/local/apache-tomcat-8.5.37/webapps/examples]
03-Feb-2019 00:22:47.567 정보 [localhost-startStop-1] org.apache.catalina.startup.HostConfig.deployDirectory Deployment of web application directory [/usr/local/apache-tomcat-8.5.37/webapps/examples] has finished in [198] ms
03-Feb-2019 00:22:47.567 정보 [localhost-startStop-1] org.apache.catalina.startup.HostConfig.deployDirectory Deploying web application directory [/usr/local/apache-tomcat-8.5.37/webapps/ROOT]
03-Feb-2019 00:22:47.585 정보 [localhost-startStop-1] org.apache.catalina.startup.HostConfig.deployDirectory Deployment of web application directory [/usr/local/apache-tomcat-8.5.37/webapps/ROOT] has finished in [18] ms
03-Feb-2019 00:22:47.585 정보 [localhost-startStop-1] org.apache.catalina.startup.HostConfig.deployDirectory Deploying web application directory [/usr/local/apache-tomcat-8.5.37/webapps/chap12]
03-Feb-2019 00:22:47.672 정보 [localhost-startStop-1] org.apache.catalina.startup.HostConfig.deployDirectory Deployment of web application directory [/usr/local/apache-tomcat-8.5.37/webapps/chap12] has finished in [87] ms
03-Feb-2019 00:22:47.672 정보 [localhost-startStop-1] org.apache.catalina.startup.HostConfig.deployDirectory Deploying web application directory [/usr/local/apache-tomcat-8.5.37/webapps/host-manager]
03-Feb-2019 00:22:47.691 정보 [localhost-startStop-1] org.apache.catalina.startup.HostConfig.deployDirectory Deployment of web application directory [/usr/local/apache-tomcat-8.5.37/webapps/host-manager] has finished in [19] ms
03-Feb-2019 00:22:47.696 정보 [main] org.apache.coyote.AbstractProtocol.start Starting ProtocolHandler ["http-nio-8080"]
03-Feb-2019 00:22:47.706 정보 [main] org.apache.coyote.AbstractProtocol.start Starting ProtocolHandler ["ajp-nio-8009"]
03-Feb-2019 00:22:47.708 정보 [main] org.apache.catalina.startup.Catalina.start Server startup in 1761 ms
