01-Feb-2019 02:24:57.721 정보 [main] org.apache.catalina.startup.VersionLoggerListener.log Server version:        Apache Tomcat/8.5.37
01-Feb-2019 02:24:57.726 정보 [main] org.apache.catalina.startup.VersionLoggerListener.log Server built:          Dec 12 2018 12:07:02 UTC
01-Feb-2019 02:24:57.726 정보 [main] org.apache.catalina.startup.VersionLoggerListener.log Server number:         8.5.37.0
01-Feb-2019 02:24:57.727 정보 [main] org.apache.catalina.startup.VersionLoggerListener.log OS Name:               Mac OS X
01-Feb-2019 02:24:57.727 정보 [main] org.apache.catalina.startup.VersionLoggerListener.log OS Version:            10.14.2
01-Feb-2019 02:24:57.727 정보 [main] org.apache.catalina.startup.VersionLoggerListener.log Architecture:          x86_64
01-Feb-2019 02:24:57.727 정보 [main] org.apache.catalina.startup.VersionLoggerListener.log Java Home:             /Library/Java/JavaVirtualMachines/jdk-10.jdk/Contents/Home
01-Feb-2019 02:24:57.728 정보 [main] org.apache.catalina.startup.VersionLoggerListener.log JVM Version:           10+46
01-Feb-2019 02:24:57.728 정보 [main] org.apache.catalina.startup.VersionLoggerListener.log JVM Vendor:            "Oracle Corporation"
01-Feb-2019 02:24:57.728 정보 [main] org.apache.catalina.startup.VersionLoggerListener.log CATALINA_BASE:         /usr/local/apache-tomcat-8.5.37
01-Feb-2019 02:24:57.728 정보 [main] org.apache.catalina.startup.VersionLoggerListener.log CATALINA_HOME:         /usr/local/apache-tomcat-8.5.37
01-Feb-2019 02:24:57.730 정보 [main] org.apache.catalina.startup.VersionLoggerListener.log Command line argument: --add-opens=java.base/java.lang=ALL-UNNAMED
01-Feb-2019 02:24:57.731 정보 [main] org.apache.catalina.startup.VersionLoggerListener.log Command line argument: --add-opens=java.base/java.io=ALL-UNNAMED
01-Feb-2019 02:24:57.731 정보 [main] org.apache.catalina.startup.VersionLoggerListener.log Command line argument: --add-opens=java.rmi/sun.rmi.transport=ALL-UNNAMED
01-Feb-2019 02:24:57.731 정보 [main] org.apache.catalina.startup.VersionLoggerListener.log Command line argument: -Djava.util.logging.config.file=/Library/Tomcat/conf/logging.properties
01-Feb-2019 02:24:57.731 정보 [main] org.apache.catalina.startup.VersionLoggerListener.log Command line argument: -Djava.util.logging.manager=org.apache.juli.ClassLoaderLogManager
01-Feb-2019 02:24:57.732 정보 [main] org.apache.catalina.startup.VersionLoggerListener.log Command line argument: -Djdk.tls.ephemeralDHKeySize=2048
01-Feb-2019 02:24:57.732 정보 [main] org.apache.catalina.startup.VersionLoggerListener.log Command line argument: -Djava.protocol.handler.pkgs=org.apache.catalina.webresources
01-Feb-2019 02:24:57.732 정보 [main] org.apache.catalina.startup.VersionLoggerListener.log Command line argument: -Dorg.apache.catalina.security.SecurityListener.UMASK=0027
01-Feb-2019 02:24:57.732 정보 [main] org.apache.catalina.startup.VersionLoggerListener.log Command line argument: -Dignore.endorsed.dirs=
01-Feb-2019 02:24:57.732 정보 [main] org.apache.catalina.startup.VersionLoggerListener.log Command line argument: -Dcatalina.base=/Library/Tomcat
01-Feb-2019 02:24:57.732 정보 [main] org.apache.catalina.startup.VersionLoggerListener.log Command line argument: -Dcatalina.home=/Library/Tomcat
01-Feb-2019 02:24:57.732 정보 [main] org.apache.catalina.startup.VersionLoggerListener.log Command line argument: -Djava.io.tmpdir=/Library/Tomcat/temp
01-Feb-2019 02:24:57.733 정보 [main] org.apache.catalina.core.AprLifecycleListener.lifecycleEvent The APR based Apache Tomcat Native library which allows optimal performance in production environments was not found on the java.library.path: [/Users/yoogle/Library/Java/Extensions:/Library/Java/Extensions:/Network/Library/Java/Extensions:/System/Library/Java/Extensions:/usr/lib/java:.]
01-Feb-2019 02:24:57.782 정보 [main] org.apache.coyote.AbstractProtocol.init Initializing ProtocolHandler ["http-nio-8080"]
01-Feb-2019 02:24:57.810 정보 [main] org.apache.tomcat.util.net.NioSelectorPool.getSharedSelector Using a shared selector for servlet write/read
01-Feb-2019 02:24:57.821 정보 [main] org.apache.coyote.AbstractProtocol.init Initializing ProtocolHandler ["ajp-nio-8009"]
01-Feb-2019 02:24:57.822 정보 [main] org.apache.tomcat.util.net.NioSelectorPool.getSharedSelector Using a shared selector for servlet write/read
01-Feb-2019 02:24:57.823 정보 [main] org.apache.catalina.startup.Catalina.load Initialization processed in 561 ms
01-Feb-2019 02:24:57.869 정보 [main] org.apache.catalina.core.StandardService.startInternal Starting service [Catalina]
01-Feb-2019 02:24:57.869 정보 [main] org.apache.catalina.core.StandardEngine.startInternal Starting Servlet Engine: Apache Tomcat/8.5.37
01-Feb-2019 02:24:57.890 정보 [localhost-startStop-1] org.apache.catalina.startup.HostConfig.deployWAR Deploying web application archive [/usr/local/apache-tomcat-8.5.37/webapps/chap13.war]
01-Feb-2019 02:24:58.099 경고 [localhost-startStop-1] org.apache.tomcat.util.descriptor.web.WebXml.setVersion Unknown version string [4.0]. Default version will be used.
01-Feb-2019 02:24:58.368 정보 [localhost-startStop-1] org.apache.catalina.startup.HostConfig.deployWAR Deployment of web application archive [/usr/local/apache-tomcat-8.5.37/webapps/chap13.war] has finished in [478] ms
01-Feb-2019 02:24:58.370 정보 [localhost-startStop-1] org.apache.catalina.startup.HostConfig.deployWAR Deploying web application archive [/usr/local/apache-tomcat-8.5.37/webapps/chap14.war]
01-Feb-2019 02:24:58.384 경고 [localhost-startStop-1] org.apache.tomcat.util.descriptor.web.WebXml.setVersion Unknown version string [4.0]. Default version will be used.
01-Feb-2019 02:24:58.409 정보 [localhost-startStop-1] org.apache.catalina.startup.HostConfig.deployWAR Deployment of web application archive [/usr/local/apache-tomcat-8.5.37/webapps/chap14.war] has finished in [38] ms
01-Feb-2019 02:24:58.410 정보 [localhost-startStop-1] org.apache.catalina.startup.HostConfig.deployWAR Deploying web application archive [/usr/local/apache-tomcat-8.5.37/webapps/chap15.war]
01-Feb-2019 02:24:58.475 경고 [localhost-startStop-1] org.apache.tomcat.util.descriptor.web.WebXml.setVersion Unknown version string [4.0]. Default version will be used.
01-Feb-2019 02:24:58.784 정보 [localhost-startStop-1] org.apache.jasper.servlet.TldScanner.scanJars At least one JAR was scanned for TLDs yet contained no TLDs. Enable debug logging for this logger for a complete list of JARs that were scanned but no TLDs were found in them. Skipping unneeded JARs during scanning can improve startup time and JSP compilation time.
01-Feb-2019 02:24:58.854 정보 [localhost-startStop-1] org.apache.catalina.startup.HostConfig.deployWAR Deployment of web application archive [/usr/local/apache-tomcat-8.5.37/webapps/chap15.war] has finished in [445] ms
01-Feb-2019 02:24:58.854 정보 [localhost-startStop-1] org.apache.catalina.startup.HostConfig.deployDirectory Deploying web application directory [/usr/local/apache-tomcat-8.5.37/webapps/chap03]
01-Feb-2019 02:24:58.872 정보 [localhost-startStop-1] org.apache.catalina.startup.HostConfig.deployDirectory Deployment of web application directory [/usr/local/apache-tomcat-8.5.37/webapps/chap03] has finished in [18] ms
01-Feb-2019 02:24:58.872 정보 [localhost-startStop-1] org.apache.catalina.startup.HostConfig.deployDirectory Deploying web application directory [/usr/local/apache-tomcat-8.5.37/webapps/chap02]
01-Feb-2019 02:24:58.886 정보 [localhost-startStop-1] org.apache.catalina.startup.HostConfig.deployDirectory Deployment of web application directory [/usr/local/apache-tomcat-8.5.37/webapps/chap02] has finished in [14] ms
01-Feb-2019 02:24:58.887 정보 [localhost-startStop-1] org.apache.catalina.startup.HostConfig.deployDirectory Deploying web application directory [/usr/local/apache-tomcat-8.5.37/webapps/chap11]
01-Feb-2019 02:24:58.908 정보 [localhost-startStop-1] org.apache.catalina.startup.HostConfig.deployDirectory Deployment of web application directory [/usr/local/apache-tomcat-8.5.37/webapps/chap11] has finished in [21] ms
01-Feb-2019 02:24:58.908 정보 [localhost-startStop-1] org.apache.catalina.startup.HostConfig.deployDirectory Deploying web application directory [/usr/local/apache-tomcat-8.5.37/webapps/docs]
01-Feb-2019 02:24:58.923 정보 [localhost-startStop-1] org.apache.catalina.startup.HostConfig.deployDirectory Deployment of web application directory [/usr/local/apache-tomcat-8.5.37/webapps/docs] has finished in [15] ms
01-Feb-2019 02:24:58.923 정보 [localhost-startStop-1] org.apache.catalina.startup.HostConfig.deployDirectory Deploying web application directory [/usr/local/apache-tomcat-8.5.37/webapps/chap10]
01-Feb-2019 02:24:58.944 정보 [localhost-startStop-1] org.apache.catalina.startup.HostConfig.deployDirectory Deployment of web application directory [/usr/local/apache-tomcat-8.5.37/webapps/chap10] has finished in [21] ms
01-Feb-2019 02:24:58.944 정보 [localhost-startStop-1] org.apache.catalina.startup.HostConfig.deployDirectory Deploying web application directory [/usr/local/apache-tomcat-8.5.37/webapps/chap09]
01-Feb-2019 02:24:58.976 정보 [localhost-startStop-1] org.apache.catalina.startup.HostConfig.deployDirectory Deployment of web application directory [/usr/local/apache-tomcat-8.5.37/webapps/chap09] has finished in [31] ms
01-Feb-2019 02:24:58.976 정보 [localhost-startStop-1] org.apache.catalina.startup.HostConfig.deployDirectory Deploying web application directory [/usr/local/apache-tomcat-8.5.37/webapps/manager]
01-Feb-2019 02:24:59.021 정보 [localhost-startStop-1] org.apache.catalina.startup.HostConfig.deployDirectory Deployment of web application directory [/usr/local/apache-tomcat-8.5.37/webapps/manager] has finished in [45] ms
01-Feb-2019 02:24:59.021 정보 [localhost-startStop-1] org.apache.catalina.startup.HostConfig.deployDirectory Deploying web application directory [/usr/local/apache-tomcat-8.5.37/webapps/chap07]
01-Feb-2019 02:24:59.044 정보 [localhost-startStop-1] org.apache.catalina.startup.HostConfig.deployDirectory Deployment of web application directory [/usr/local/apache-tomcat-8.5.37/webapps/chap07] has finished in [22] ms
01-Feb-2019 02:24:59.044 정보 [localhost-startStop-1] org.apache.catalina.startup.HostConfig.deployDirectory Deploying web application directory [/usr/local/apache-tomcat-8.5.37/webapps/chap06]
01-Feb-2019 02:24:59.059 정보 [localhost-startStop-1] org.apache.catalina.startup.HostConfig.deployDirectory Deployment of web application directory [/usr/local/apache-tomcat-8.5.37/webapps/chap06] has finished in [15] ms
01-Feb-2019 02:24:59.059 정보 [localhost-startStop-1] org.apache.catalina.startup.HostConfig.deployDirectory Deploying web application directory [/usr/local/apache-tomcat-8.5.37/webapps/chap08]
01-Feb-2019 02:24:59.076 정보 [localhost-startStop-1] org.apache.catalina.startup.HostConfig.deployDirectory Deployment of web application directory [/usr/local/apache-tomcat-8.5.37/webapps/chap08] has finished in [17] ms
01-Feb-2019 02:24:59.077 정보 [localhost-startStop-1] org.apache.catalina.startup.HostConfig.deployDirectory Deploying web application directory [/usr/local/apache-tomcat-8.5.37/webapps/examples]
01-Feb-2019 02:24:59.290 정보 [localhost-startStop-1] org.apache.catalina.startup.HostConfig.deployDirectory Deployment of web application directory [/usr/local/apache-tomcat-8.5.37/webapps/examples] has finished in [212] ms
01-Feb-2019 02:24:59.290 정보 [localhost-startStop-1] org.apache.catalina.startup.HostConfig.deployDirectory Deploying web application directory [/usr/local/apache-tomcat-8.5.37/webapps/ROOT]
01-Feb-2019 02:24:59.305 정보 [localhost-startStop-1] org.apache.catalina.startup.HostConfig.deployDirectory Deployment of web application directory [/usr/local/apache-tomcat-8.5.37/webapps/ROOT] has finished in [15] ms
01-Feb-2019 02:24:59.306 정보 [localhost-startStop-1] org.apache.catalina.startup.HostConfig.deployDirectory Deploying web application directory [/usr/local/apache-tomcat-8.5.37/webapps/chap12]
01-Feb-2019 02:24:59.417 정보 [localhost-startStop-1] org.apache.catalina.startup.HostConfig.deployDirectory Deployment of web application directory [/usr/local/apache-tomcat-8.5.37/webapps/chap12] has finished in [111] ms
01-Feb-2019 02:24:59.417 정보 [localhost-startStop-1] org.apache.catalina.startup.HostConfig.deployDirectory Deploying web application directory [/usr/local/apache-tomcat-8.5.37/webapps/host-manager]
01-Feb-2019 02:24:59.439 정보 [localhost-startStop-1] org.apache.catalina.startup.HostConfig.deployDirectory Deployment of web application directory [/usr/local/apache-tomcat-8.5.37/webapps/host-manager] has finished in [22] ms
01-Feb-2019 02:24:59.446 정보 [main] org.apache.coyote.AbstractProtocol.start Starting ProtocolHandler ["http-nio-8080"]
01-Feb-2019 02:24:59.457 정보 [main] org.apache.coyote.AbstractProtocol.start Starting ProtocolHandler ["ajp-nio-8009"]
01-Feb-2019 02:24:59.461 정보 [main] org.apache.catalina.startup.Catalina.start Server startup in 1638 ms
