12-Feb-2019 23:11:12.331 정보 [main] org.apache.catalina.startup.VersionLoggerListener.log Server version:        Apache Tomcat/8.5.37
12-Feb-2019 23:11:12.337 정보 [main] org.apache.catalina.startup.VersionLoggerListener.log Server built:          Dec 12 2018 12:07:02 UTC
12-Feb-2019 23:11:12.337 정보 [main] org.apache.catalina.startup.VersionLoggerListener.log Server number:         8.5.37.0
12-Feb-2019 23:11:12.337 정보 [main] org.apache.catalina.startup.VersionLoggerListener.log OS Name:               Mac OS X
12-Feb-2019 23:11:12.337 정보 [main] org.apache.catalina.startup.VersionLoggerListener.log OS Version:            10.14.3
12-Feb-2019 23:11:12.337 정보 [main] org.apache.catalina.startup.VersionLoggerListener.log Architecture:          x86_64
12-Feb-2019 23:11:12.338 정보 [main] org.apache.catalina.startup.VersionLoggerListener.log Java Home:             /Library/Java/JavaVirtualMachines/jdk-10.jdk/Contents/Home
12-Feb-2019 23:11:12.339 정보 [main] org.apache.catalina.startup.VersionLoggerListener.log JVM Version:           10+46
12-Feb-2019 23:11:12.339 정보 [main] org.apache.catalina.startup.VersionLoggerListener.log JVM Vendor:            "Oracle Corporation"
12-Feb-2019 23:11:12.339 정보 [main] org.apache.catalina.startup.VersionLoggerListener.log CATALINA_BASE:         /usr/local/apache-tomcat-8.5.37
12-Feb-2019 23:11:12.339 정보 [main] org.apache.catalina.startup.VersionLoggerListener.log CATALINA_HOME:         /usr/local/apache-tomcat-8.5.37
12-Feb-2019 23:11:12.341 정보 [main] org.apache.catalina.startup.VersionLoggerListener.log Command line argument: --add-opens=java.base/java.lang=ALL-UNNAMED
12-Feb-2019 23:11:12.341 정보 [main] org.apache.catalina.startup.VersionLoggerListener.log Command line argument: --add-opens=java.base/java.io=ALL-UNNAMED
12-Feb-2019 23:11:12.341 정보 [main] org.apache.catalina.startup.VersionLoggerListener.log Command line argument: --add-opens=java.rmi/sun.rmi.transport=ALL-UNNAMED
12-Feb-2019 23:11:12.342 정보 [main] org.apache.catalina.startup.VersionLoggerListener.log Command line argument: -Djava.util.logging.config.file=/Library/Tomcat/conf/logging.properties
12-Feb-2019 23:11:12.342 정보 [main] org.apache.catalina.startup.VersionLoggerListener.log Command line argument: -Djava.util.logging.manager=org.apache.juli.ClassLoaderLogManager
12-Feb-2019 23:11:12.342 정보 [main] org.apache.catalina.startup.VersionLoggerListener.log Command line argument: -Djdk.tls.ephemeralDHKeySize=2048
12-Feb-2019 23:11:12.342 정보 [main] org.apache.catalina.startup.VersionLoggerListener.log Command line argument: -Djava.protocol.handler.pkgs=org.apache.catalina.webresources
12-Feb-2019 23:11:12.342 정보 [main] org.apache.catalina.startup.VersionLoggerListener.log Command line argument: -Dorg.apache.catalina.security.SecurityListener.UMASK=0027
12-Feb-2019 23:11:12.343 정보 [main] org.apache.catalina.startup.VersionLoggerListener.log Command line argument: -Dignore.endorsed.dirs=
12-Feb-2019 23:11:12.343 정보 [main] org.apache.catalina.startup.VersionLoggerListener.log Command line argument: -Dcatalina.base=/Library/Tomcat
12-Feb-2019 23:11:12.343 정보 [main] org.apache.catalina.startup.VersionLoggerListener.log Command line argument: -Dcatalina.home=/Library/Tomcat
12-Feb-2019 23:11:12.343 정보 [main] org.apache.catalina.startup.VersionLoggerListener.log Command line argument: -Djava.io.tmpdir=/Library/Tomcat/temp
12-Feb-2019 23:11:12.343 정보 [main] org.apache.catalina.core.AprLifecycleListener.lifecycleEvent The APR based Apache Tomcat Native library which allows optimal performance in production environments was not found on the java.library.path: [/Users/yoogle/Library/Java/Extensions:/Library/Java/Extensions:/Network/Library/Java/Extensions:/System/Library/Java/Extensions:/usr/lib/java:.]
12-Feb-2019 23:11:12.390 정보 [main] org.apache.coyote.AbstractProtocol.init Initializing ProtocolHandler ["http-nio-8080"]
12-Feb-2019 23:11:12.418 정보 [main] org.apache.tomcat.util.net.NioSelectorPool.getSharedSelector Using a shared selector for servlet write/read
12-Feb-2019 23:11:12.433 정보 [main] org.apache.coyote.AbstractProtocol.init Initializing ProtocolHandler ["ajp-nio-8009"]
12-Feb-2019 23:11:12.435 정보 [main] org.apache.tomcat.util.net.NioSelectorPool.getSharedSelector Using a shared selector for servlet write/read
12-Feb-2019 23:11:12.435 정보 [main] org.apache.catalina.startup.Catalina.load Initialization processed in 577 ms
12-Feb-2019 23:11:12.491 정보 [main] org.apache.catalina.core.StandardService.startInternal Starting service [Catalina]
12-Feb-2019 23:11:12.491 정보 [main] org.apache.catalina.core.StandardEngine.startInternal Starting Servlet Engine: Apache Tomcat/8.5.37
12-Feb-2019 23:11:12.514 정보 [localhost-startStop-1] org.apache.catalina.startup.HostConfig.deployWAR Deploying web application archive [/usr/local/apache-tomcat-8.5.37/webapps/chap18.war]
12-Feb-2019 23:11:12.728 경고 [localhost-startStop-1] org.apache.tomcat.util.descriptor.web.WebXml.setVersion Unknown version string [4.0]. Default version will be used.
12-Feb-2019 23:11:12.873 정보 [localhost-startStop-1] org.apache.catalina.startup.HostConfig.deployWAR Deployment of web application archive [/usr/local/apache-tomcat-8.5.37/webapps/chap18.war] has finished in [359] ms
12-Feb-2019 23:11:12.874 정보 [localhost-startStop-1] org.apache.catalina.startup.HostConfig.deployWAR Deploying web application archive [/usr/local/apache-tomcat-8.5.37/webapps/chap19.war]
12-Feb-2019 23:11:12.886 경고 [localhost-startStop-1] org.apache.tomcat.util.descriptor.web.WebXml.setVersion Unknown version string [4.0]. Default version will be used.
12-Feb-2019 23:11:12.916 정보 [localhost-startStop-1] org.apache.catalina.startup.HostConfig.deployWAR Deployment of web application archive [/usr/local/apache-tomcat-8.5.37/webapps/chap19.war] has finished in [43] ms
12-Feb-2019 23:11:12.917 정보 [localhost-startStop-1] org.apache.catalina.startup.HostConfig.deployWAR Deploying web application archive [/usr/local/apache-tomcat-8.5.37/webapps/chap20.war]
12-Feb-2019 23:11:12.930 경고 [localhost-startStop-1] org.apache.tomcat.util.descriptor.web.WebXml.setVersion Unknown version string [4.0]. Default version will be used.
12-Feb-2019 23:11:13.047 정보 [localhost-startStop-1] org.apache.jasper.servlet.TldScanner.scanJars At least one JAR was scanned for TLDs yet contained no TLDs. Enable debug logging for this logger for a complete list of JARs that were scanned but no TLDs were found in them. Skipping unneeded JARs during scanning can improve startup time and JSP compilation time.
12-Feb-2019 23:11:13.103 정보 [localhost-startStop-1] org.apache.catalina.startup.HostConfig.deployWAR Deployment of web application archive [/usr/local/apache-tomcat-8.5.37/webapps/chap20.war] has finished in [186] ms
12-Feb-2019 23:11:13.103 정보 [localhost-startStop-1] org.apache.catalina.startup.HostConfig.deployWAR Deploying web application archive [/usr/local/apache-tomcat-8.5.37/webapps/board.war]
12-Feb-2019 23:11:13.154 경고 [localhost-startStop-1] org.apache.tomcat.util.descriptor.web.WebXml.setVersion Unknown version string [4.0]. Default version will be used.
12-Feb-2019 23:11:13.371 정보 [localhost-startStop-1] org.apache.jasper.servlet.TldScanner.scanJars At least one JAR was scanned for TLDs yet contained no TLDs. Enable debug logging for this logger for a complete list of JARs that were scanned but no TLDs were found in them. Skipping unneeded JARs during scanning can improve startup time and JSP compilation time.
12-Feb-2019 23:11:13.436 정보 [localhost-startStop-1] org.apache.catalina.startup.HostConfig.deployWAR Deployment of web application archive [/usr/local/apache-tomcat-8.5.37/webapps/board.war] has finished in [333] ms
12-Feb-2019 23:11:13.437 정보 [localhost-startStop-1] org.apache.catalina.startup.HostConfig.deployWAR Deploying web application archive [/usr/local/apache-tomcat-8.5.37/webapps/chap13.war]
12-Feb-2019 23:11:13.448 경고 [localhost-startStop-1] org.apache.tomcat.util.descriptor.web.WebXml.setVersion Unknown version string [4.0]. Default version will be used.
12-Feb-2019 23:11:13.545 정보 [localhost-startStop-1] org.apache.catalina.startup.HostConfig.deployWAR Deployment of web application archive [/usr/local/apache-tomcat-8.5.37/webapps/chap13.war] has finished in [108] ms
12-Feb-2019 23:11:13.546 정보 [localhost-startStop-1] org.apache.catalina.startup.HostConfig.deployWAR Deploying web application archive [/usr/local/apache-tomcat-8.5.37/webapps/chap17.war]
12-Feb-2019 23:11:13.559 경고 [localhost-startStop-1] org.apache.tomcat.util.descriptor.web.WebXml.setVersion Unknown version string [4.0]. Default version will be used.
12-Feb-2019 23:11:13.660 정보 [localhost-startStop-1] org.apache.jasper.servlet.TldScanner.scanJars At least one JAR was scanned for TLDs yet contained no TLDs. Enable debug logging for this logger for a complete list of JARs that were scanned but no TLDs were found in them. Skipping unneeded JARs during scanning can improve startup time and JSP compilation time.
12-Feb-2019 23:11:13.663 정보 [localhost-startStop-1] org.apache.catalina.startup.HostConfig.deployWAR Deployment of web application archive [/usr/local/apache-tomcat-8.5.37/webapps/chap17.war] has finished in [117] ms
12-Feb-2019 23:11:13.664 정보 [localhost-startStop-1] org.apache.catalina.startup.HostConfig.deployWAR Deploying web application archive [/usr/local/apache-tomcat-8.5.37/webapps/chap16.war]
12-Feb-2019 23:11:13.675 경고 [localhost-startStop-1] org.apache.tomcat.util.descriptor.web.WebXml.setVersion Unknown version string [4.0]. Default version will be used.
12-Feb-2019 23:11:13.762 정보 [localhost-startStop-1] org.apache.catalina.startup.HostConfig.deployWAR Deployment of web application archive [/usr/local/apache-tomcat-8.5.37/webapps/chap16.war] has finished in [97] ms
12-Feb-2019 23:11:13.762 정보 [localhost-startStop-1] org.apache.catalina.startup.HostConfig.deployWAR Deploying web application archive [/usr/local/apache-tomcat-8.5.37/webapps/chap14.war]
12-Feb-2019 23:11:13.773 경고 [localhost-startStop-1] org.apache.tomcat.util.descriptor.web.WebXml.setVersion Unknown version string [4.0]. Default version will be used.
12-Feb-2019 23:11:13.784 정보 [localhost-startStop-1] org.apache.catalina.startup.HostConfig.deployWAR Deployment of web application archive [/usr/local/apache-tomcat-8.5.37/webapps/chap14.war] has finished in [22] ms
12-Feb-2019 23:11:13.786 정보 [localhost-startStop-1] org.apache.catalina.startup.HostConfig.deployWAR Deploying web application archive [/usr/local/apache-tomcat-8.5.37/webapps/chap15.war]
12-Feb-2019 23:11:13.804 경고 [localhost-startStop-1] org.apache.tomcat.util.descriptor.web.WebXml.setVersion Unknown version string [4.0]. Default version will be used.
12-Feb-2019 23:11:14.077 정보 [localhost-startStop-1] org.apache.jasper.servlet.TldScanner.scanJars At least one JAR was scanned for TLDs yet contained no TLDs. Enable debug logging for this logger for a complete list of JARs that were scanned but no TLDs were found in them. Skipping unneeded JARs during scanning can improve startup time and JSP compilation time.
12-Feb-2019 23:11:14.145 정보 [localhost-startStop-1] org.apache.catalina.startup.HostConfig.deployWAR Deployment of web application archive [/usr/local/apache-tomcat-8.5.37/webapps/chap15.war] has finished in [360] ms
12-Feb-2019 23:11:14.146 정보 [localhost-startStop-1] org.apache.catalina.startup.HostConfig.deployDirectory Deploying web application directory [/usr/local/apache-tomcat-8.5.37/webapps/chap03]
12-Feb-2019 23:11:14.161 정보 [localhost-startStop-1] org.apache.catalina.startup.HostConfig.deployDirectory Deployment of web application directory [/usr/local/apache-tomcat-8.5.37/webapps/chap03] has finished in [15] ms
12-Feb-2019 23:11:14.161 정보 [localhost-startStop-1] org.apache.catalina.startup.HostConfig.deployDirectory Deploying web application directory [/usr/local/apache-tomcat-8.5.37/webapps/chap02]
12-Feb-2019 23:11:14.176 정보 [localhost-startStop-1] org.apache.catalina.startup.HostConfig.deployDirectory Deployment of web application directory [/usr/local/apache-tomcat-8.5.37/webapps/chap02] has finished in [15] ms
12-Feb-2019 23:11:14.177 정보 [localhost-startStop-1] org.apache.catalina.startup.HostConfig.deployDirectory Deploying web application directory [/usr/local/apache-tomcat-8.5.37/webapps/chap11]
12-Feb-2019 23:11:14.202 정보 [localhost-startStop-1] org.apache.catalina.startup.HostConfig.deployDirectory Deployment of web application directory [/usr/local/apache-tomcat-8.5.37/webapps/chap11] has finished in [25] ms
12-Feb-2019 23:11:14.202 정보 [localhost-startStop-1] org.apache.catalina.startup.HostConfig.deployDirectory Deploying web application directory [/usr/local/apache-tomcat-8.5.37/webapps/docs]
12-Feb-2019 23:11:14.217 정보 [localhost-startStop-1] org.apache.catalina.startup.HostConfig.deployDirectory Deployment of web application directory [/usr/local/apache-tomcat-8.5.37/webapps/docs] has finished in [15] ms
12-Feb-2019 23:11:14.218 정보 [localhost-startStop-1] org.apache.catalina.startup.HostConfig.deployDirectory Deploying web application directory [/usr/local/apache-tomcat-8.5.37/webapps/chap10]
12-Feb-2019 23:11:14.232 정보 [localhost-startStop-1] org.apache.catalina.startup.HostConfig.deployDirectory Deployment of web application directory [/usr/local/apache-tomcat-8.5.37/webapps/chap10] has finished in [14] ms
12-Feb-2019 23:11:14.232 정보 [localhost-startStop-1] org.apache.catalina.startup.HostConfig.deployDirectory Deploying web application directory [/usr/local/apache-tomcat-8.5.37/webapps/chap09]
12-Feb-2019 23:11:14.247 정보 [localhost-startStop-1] org.apache.catalina.startup.HostConfig.deployDirectory Deployment of web application directory [/usr/local/apache-tomcat-8.5.37/webapps/chap09] has finished in [15] ms
12-Feb-2019 23:11:14.247 정보 [localhost-startStop-1] org.apache.catalina.startup.HostConfig.deployDirectory Deploying web application directory [/usr/local/apache-tomcat-8.5.37/webapps/manager]
12-Feb-2019 23:11:14.280 정보 [localhost-startStop-1] org.apache.catalina.startup.HostConfig.deployDirectory Deployment of web application directory [/usr/local/apache-tomcat-8.5.37/webapps/manager] has finished in [33] ms
12-Feb-2019 23:11:14.280 정보 [localhost-startStop-1] org.apache.catalina.startup.HostConfig.deployDirectory Deploying web application directory [/usr/local/apache-tomcat-8.5.37/webapps/chap07]
12-Feb-2019 23:11:14.298 정보 [localhost-startStop-1] org.apache.catalina.startup.HostConfig.deployDirectory Deployment of web application directory [/usr/local/apache-tomcat-8.5.37/webapps/chap07] has finished in [18] ms
12-Feb-2019 23:11:14.298 정보 [localhost-startStop-1] org.apache.catalina.startup.HostConfig.deployDirectory Deploying web application directory [/usr/local/apache-tomcat-8.5.37/webapps/chap06]
12-Feb-2019 23:11:14.315 정보 [localhost-startStop-1] org.apache.catalina.startup.HostConfig.deployDirectory Deployment of web application directory [/usr/local/apache-tomcat-8.5.37/webapps/chap06] has finished in [16] ms
12-Feb-2019 23:11:14.315 정보 [localhost-startStop-1] org.apache.catalina.startup.HostConfig.deployDirectory Deploying web application directory [/usr/local/apache-tomcat-8.5.37/webapps/chap08]
12-Feb-2019 23:11:14.334 정보 [localhost-startStop-1] org.apache.catalina.startup.HostConfig.deployDirectory Deployment of web application directory [/usr/local/apache-tomcat-8.5.37/webapps/chap08] has finished in [18] ms
12-Feb-2019 23:11:14.334 정보 [localhost-startStop-1] org.apache.catalina.startup.HostConfig.deployDirectory Deploying web application directory [/usr/local/apache-tomcat-8.5.37/webapps/examples]
12-Feb-2019 23:11:14.511 정보 [localhost-startStop-1] org.apache.catalina.startup.HostConfig.deployDirectory Deployment of web application directory [/usr/local/apache-tomcat-8.5.37/webapps/examples] has finished in [177] ms
12-Feb-2019 23:11:14.511 정보 [localhost-startStop-1] org.apache.catalina.startup.HostConfig.deployDirectory Deploying web application directory [/usr/local/apache-tomcat-8.5.37/webapps/ROOT]
12-Feb-2019 23:11:14.524 정보 [localhost-startStop-1] org.apache.catalina.startup.HostConfig.deployDirectory Deployment of web application directory [/usr/local/apache-tomcat-8.5.37/webapps/ROOT] has finished in [13] ms
12-Feb-2019 23:11:14.524 정보 [localhost-startStop-1] org.apache.catalina.startup.HostConfig.deployDirectory Deploying web application directory [/usr/local/apache-tomcat-8.5.37/webapps/chap12]
12-Feb-2019 23:11:14.598 정보 [localhost-startStop-1] org.apache.catalina.startup.HostConfig.deployDirectory Deployment of web application directory [/usr/local/apache-tomcat-8.5.37/webapps/chap12] has finished in [74] ms
12-Feb-2019 23:11:14.598 정보 [localhost-startStop-1] org.apache.catalina.startup.HostConfig.deployDirectory Deploying web application directory [/usr/local/apache-tomcat-8.5.37/webapps/host-manager]
12-Feb-2019 23:11:14.614 정보 [localhost-startStop-1] org.apache.catalina.startup.HostConfig.deployDirectory Deployment of web application directory [/usr/local/apache-tomcat-8.5.37/webapps/host-manager] has finished in [15] ms
12-Feb-2019 23:11:14.619 정보 [main] org.apache.coyote.AbstractProtocol.start Starting ProtocolHandler ["http-nio-8080"]
12-Feb-2019 23:11:14.629 정보 [main] org.apache.coyote.AbstractProtocol.start Starting ProtocolHandler ["ajp-nio-8009"]
12-Feb-2019 23:11:14.631 정보 [main] org.apache.catalina.startup.Catalina.start Server startup in 2195 ms
